#
# There is insufficient memory for the Java Runtime Environment to continue.
# Native memory allocation (malloc) failed to allocate 659296 bytes for Chunk::new
# Possible reasons:
#   The system is out of physical RAM or swap space
#   In 32 bit mode, the process size limit was hit
# Possible solutions:
#   Reduce memory load on the system
#   Increase physical memory or swap space
#   Check if swap backing store is full
#   Use 64 bit Java on a 64 bit OS
#   Decrease Java heap size (-Xmx/-Xms)
#   Decrease number of Java threads
#   Decrease Java thread stack sizes (-Xss)
#   Set larger code cache with -XX:ReservedCodeCacheSize=
# This output file may be truncated or incomplete.
#
#  Out of Memory Error (allocation.cpp:390), pid=3868, tid=0x0000000000003a48
#
# JRE version: OpenJDK Runtime Environment (8.0_152-b01) (build 1.8.0_152-release-915-b01)
# Java VM: OpenJDK 64-Bit Server VM (25.152-b01 mixed mode windows-amd64 compressed oops)
# Failed to write core dump. Minidumps are not enabled by default on client versions of Windows
#

---------------  T H R E A D  ---------------

Current thread (0x00000000160b4800):  JavaThread "C2 CompilerThread1" daemon [_thread_in_native, id=14920, stack(0x00000000177a0000,0x00000000178a0000)]

Stack: [0x00000000177a0000,0x00000000178a0000]
[error occurred during error reporting (printing stack bounds), id 0xc0000005]

Native frames: (J=compiled Java code, j=interpreted, Vv=VM code, C=native code)


Current CompileTask:
C2:  33924 8954   !   4       com.android.dx.cf.code.BytecodeArray::parseInstruction (2796 bytes)


---------------  P R O C E S S  ---------------

Java Threads: ( => current thread )
  0x000000001c42b800 JavaThread "ForkJoinPool.commonPool-worker-0" daemon [_thread_blocked, id=12860, stack(0x00000000223f0000,0x00000000224f0000)]
  0x000000001c42b000 JavaThread "ForkJoinPool.commonPool-worker-3" daemon [_thread_in_vm, id=8128, stack(0x00000000222f0000,0x00000000223f0000)]
  0x000000001c42a000 JavaThread "ForkJoinPool.commonPool-worker-2" daemon [_thread_in_Java, id=6340, stack(0x00000000221f0000,0x00000000222f0000)]
  0x000000001c422000 JavaThread "ForkJoinPool.commonPool-worker-1" daemon [_thread_in_Java, id=14144, stack(0x00000000220f0000,0x00000000221f0000)]
  0x000000001c422800 JavaThread "Task worker for ':' Thread 3" [_thread_blocked, id=13824, stack(0x0000000021ff0000,0x00000000220f0000)]
  0x000000001c426800 JavaThread "Task worker for ':' Thread 2" [_thread_blocked, id=13424, stack(0x0000000021ef0000,0x0000000021ff0000)]
  0x000000001c427000 JavaThread "Task worker for ':'" [_thread_blocked, id=13656, stack(0x0000000021df0000,0x0000000021ef0000)]
  0x000000001c423800 JavaThread "Cache worker for task history cache (C:\Users\tshivang\AndroidStudioProjects\N_ABLE_2\.gradle\4.1\taskHistory)" [_thread_blocked, id=15072, stack(0x0000000021cf0000,0x0000000021df0000)]
  0x000000001c424000 JavaThread "Cache worker for file content cache (C:\Users\tshivang\AndroidStudioProjects\N_ABLE_2\.gradle\4.1\fileContent)" [_thread_blocked, id=8616, stack(0x0000000021930000,0x0000000021a30000)]
  0x000000001db87800 JavaThread "Memory manager" [_thread_blocked, id=236, stack(0x0000000020e30000,0x0000000020f30000)]
  0x000000001db86800 JavaThread "pool-1-thread-1" [_thread_blocked, id=12876, stack(0x0000000020720000,0x0000000020820000)]
  0x000000001db85000 JavaThread "build operations Thread 4" [_thread_blocked, id=3436, stack(0x0000000020220000,0x0000000020320000)]
  0x000000001db82000 JavaThread "build operations Thread 3" [_thread_blocked, id=12292, stack(0x0000000020120000,0x0000000020220000)]
  0x000000001db83800 JavaThread "build operations Thread 2" [_thread_blocked, id=13328, stack(0x0000000020020000,0x0000000020120000)]
  0x000000001db83000 JavaThread "build operations" [_thread_blocked, id=15104, stack(0x000000001ff20000,0x0000000020020000)]
  0x000000001db84800 JavaThread "Cache worker for Artifact transforms cache (C:\Users\tshivang\.gradle\caches\transforms-1)" [_thread_blocked, id=9892, stack(0x000000001e720000,0x000000001e820000)]
  0x000000001b6c8000 JavaThread "Cache worker for file hash cache (C:\Users\tshivang\AndroidStudioProjects\N_ABLE_2\.gradle\4.1\fileHashes)" [_thread_blocked, id=6752, stack(0x000000001ce50000,0x000000001cf50000)]
  0x0000000019026000 JavaThread "File lock request listener" [_thread_in_native, id=608, stack(0x000000001abb0000,0x000000001acb0000)]
  0x00000000181c0800 JavaThread "Cache worker for file hash cache (C:\Users\tshivang\.gradle\caches\4.1\fileHashes)" [_thread_blocked, id=6832, stack(0x000000001aab0000,0x000000001abb0000)]
  0x000000001823f800 JavaThread "Stdin handler" [_thread_blocked, id=14628, stack(0x000000001a9b0000,0x000000001aab0000)]
  0x0000000018bc0800 JavaThread "Asynchronous log dispatcher for DefaultDaemonConnection: socket connection from /127.0.0.1:60127 to /127.0.0.1:60128" [_thread_blocked, id=5556, stack(0x000000001a8b0000,0x000000001a9b0000)]
  0x0000000018a85800 JavaThread "Daemon worker" [_thread_blocked, id=7280, stack(0x000000001a7b0000,0x000000001a8b0000)]
  0x0000000018ddb800 JavaThread "Cancel handler" [_thread_blocked, id=14592, stack(0x000000001a6b0000,0x000000001a7b0000)]
  0x00000000183b4000 JavaThread "Handler for socket connection from /127.0.0.1:60127 to /127.0.0.1:60128" [_thread_in_native, id=8808, stack(0x000000001a3b0000,0x000000001a4b0000)]
  0x00000000183b3000 JavaThread "Daemon" [_thread_blocked, id=1264, stack(0x000000001a2b0000,0x000000001a3b0000)]
  0x000000001608b000 JavaThread "Daemon periodic checks" [_thread_blocked, id=9484, stack(0x000000001a1b0000,0x000000001a2b0000)]
  0x000000001828e800 JavaThread "Incoming local TCP Connector on port 60127" [_thread_in_native, id=2796, stack(0x0000000019cb0000,0x0000000019db0000)]
  0x00000000160bc800 JavaThread "Service Thread" daemon [_thread_blocked, id=11936, stack(0x0000000017da0000,0x0000000017ea0000)]
  0x00000000160b7000 JavaThread "C1 CompilerThread2" daemon [_thread_in_native, id=11352, stack(0x0000000017ca0000,0x0000000017da0000)]
=>0x00000000160b4800 JavaThread "C2 CompilerThread1" daemon [_thread_in_native, id=14920, stack(0x00000000177a0000,0x00000000178a0000)]
  0x000000001605c000 JavaThread "C2 CompilerThread0" daemon [_thread_in_native, id=4564, stack(0x00000000176a0000,0x00000000177a0000)]
  0x000000001605a800 JavaThread "Attach Listener" daemon [_thread_blocked, id=5776, stack(0x00000000175a0000,0x00000000176a0000)]
  0x0000000016059000 JavaThread "Signal Dispatcher" daemon [_thread_blocked, id=3096, stack(0x00000000174a0000,0x00000000175a0000)]
  0x0000000002626800 JavaThread "Finalizer" daemon [_thread_blocked, id=9860, stack(0x00000000172b0000,0x00000000173b0000)]
  0x0000000002621000 JavaThread "Reference Handler" daemon [_thread_blocked, id=14824, stack(0x00000000171b0000,0x00000000172b0000)]
  0x00000000026ee800 JavaThread "main" [_thread_blocked, id=8480, stack(0x0000000002400000,0x0000000002500000)]

Other Threads:
  0x0000000016024800 VMThread [stack: 0x00000000170b0000,0x00000000171b0000] [id=788]
  0x00000000160bd800 WatcherThread [stack: 0x0000000017ea0000,0x0000000017fa0000] [id=10668]

VM state:not at safepoint (normal execution)

VM Mutex/Monitor currently owned by a thread: None

Heap:
 PSYoungGen      total 189440K, used 55249K [0x00000000e0000000, 0x00000000f1f00000, 0x0000000100000000)
  eden space 166400K, 33% used [0x00000000e0000000,0x00000000e35f4620,0x00000000ea280000)
  from space 23040K, 0% used [0x00000000ea280000,0x00000000ea280000,0x00000000eb900000)
  to   space 24576K, 0% used [0x00000000f0700000,0x00000000f0700000,0x00000000f1f00000)
 ParOldGen       total 98816K, used 41422K [0x00000000a0000000, 0x00000000a6080000, 0x00000000e0000000)
  object space 98816K, 41% used [0x00000000a0000000,0x00000000a2873ad0,0x00000000a6080000)
 Metaspace       used 59118K, capacity 61568K, committed 61784K, reserved 1101824K
  class space    used 7908K, capacity 8471K, committed 8576K, reserved 1048576K

Card table byte_map: [0x0000000011ab0000,0x0000000011dc0000] byte_map_base: 0x00000000115b0000

Marking Bits: (ParMarkBitMap*) 0x000000005cef3950
 Begin Bits: [0x00000000123c0000, 0x0000000013bc0000)
 End Bits:   [0x0000000013bc0000, 0x00000000153c0000)

Polling page: 0x0000000002500000

CodeCache: size=245760Kb used=26135Kb max_used=26135Kb free=219624Kb
 bounds [0x00000000026f0000, 0x00000000040a0000, 0x00000000116f0000]
 total_blobs=8561 nmethods=7791 adapters=683
 compilation: enabled

Compilation events (10 events):
Event: 33.885 Thread 0x00000000160b7000 nmethod 8968 0x00000000040621d0 code [0x0000000004062380, 0x0000000004062b78]
Event: 33.885 Thread 0x00000000160b7000 8965       3       com.android.dx.cf.code.Merger::isPossiblyAssignableFrom (202 bytes)
Event: 33.887 Thread 0x00000000160b7000 nmethod 8965 0x0000000004062f90 code [0x00000000040632e0, 0x00000000040653e8]
Event: 33.887 Thread 0x00000000160b7000 8977       3       com.android.dx.cf.code.RopperMachine::getSources (264 bytes)
Event: 33.890 Thread 0x00000000160b7000 nmethod 8977 0x00000000040663d0 code [0x00000000040669c0, 0x000000000406b2b8]
Event: 33.890 Thread 0x00000000160b7000 8981       3       com.android.dx.cf.code.BaseMachine::storeResults (90 bytes)
Event: 33.891 Thread 0x00000000160b7000 nmethod 8981 0x000000000406e590 code [0x000000000406e780, 0x000000000406f248]
Event: 33.891 Thread 0x00000000160b7000 8980   !   3       com.android.dx.cf.code.RopperMachine::run (1608 bytes)
Event: 33.914 Thread 0x00000000160b7000 nmethod 8980 0x000000000406f750 code [0x00000000040709e0, 0x0000000004080308]
Event: 33.914 Thread 0x00000000160b7000 8973       3       com.android.dx.cf.code.RopperMachine::jopToRopOpcode (1106 bytes)

GC Heap History (10 events):
Event: 18.482 GC heap before
{Heap before GC invocations=10 (full 2):
 PSYoungGen      total 111104K, used 100352K [0x00000000e0000000, 0x00000000eab80000, 0x0000000100000000)
  eden space 100352K, 100% used [0x00000000e0000000,0x00000000e6200000,0x00000000e6200000)
  from space 10752K, 0% used [0x00000000e6200000,0x00000000e6200000,0x00000000e6c80000)
  to   space 11776K, 0% used [0x00000000ea000000,0x00000000ea000000,0x00000000eab80000)
 ParOldGen       total 98816K, used 15975K [0x00000000a0000000, 0x00000000a6080000, 0x00000000e0000000)
  object space 98816K, 16% used [0x00000000a0000000,0x00000000a0f99f38,0x00000000a6080000)
 Metaspace       used 41554K, capacity 42500K, committed 42968K, reserved 1087488K
  class space    used 5523K, capacity 5793K, committed 5888K, reserved 1048576K
Event: 18.513 GC heap after
Heap after GC invocations=10 (full 2):
 PSYoungGen      total 152064K, used 11199K [0x00000000e0000000, 0x00000000eab00000, 0x0000000100000000)
  eden space 140800K, 0% used [0x00000000e0000000,0x00000000e0000000,0x00000000e8980000)
  from space 11264K, 99% used [0x00000000ea000000,0x00000000eaaefcc8,0x00000000eab00000)
  to   space 12800K, 0% used [0x00000000e9200000,0x00000000e9200000,0x00000000e9e80000)
 ParOldGen       total 98816K, used 15983K [0x00000000a0000000, 0x00000000a6080000, 0x00000000e0000000)
  object space 98816K, 16% used [0x00000000a0000000,0x00000000a0f9bf38,0x00000000a6080000)
 Metaspace       used 41554K, capacity 42500K, committed 42968K, reserved 1087488K
  class space    used 5523K, capacity 5793K, committed 5888K, reserved 1048576K
}
Event: 24.471 GC heap before
{Heap before GC invocations=11 (full 2):
 PSYoungGen      total 152064K, used 151999K [0x00000000e0000000, 0x00000000eab00000, 0x0000000100000000)
  eden space 140800K, 100% used [0x00000000e0000000,0x00000000e8980000,0x00000000e8980000)
  from space 11264K, 99% used [0x00000000ea000000,0x00000000eaaefcc8,0x00000000eab00000)
  to   space 12800K, 0% used [0x00000000e9200000,0x00000000e9200000,0x00000000e9e80000)
 ParOldGen       total 98816K, used 15983K [0x00000000a0000000, 0x00000000a6080000, 0x00000000e0000000)
  object space 98816K, 16% used [0x00000000a0000000,0x00000000a0f9bf38,0x00000000a6080000)
 Metaspace       used 52134K, capacity 53980K, committed 54104K, reserved 1095680K
  class space    used 7055K, capacity 7529K, committed 7552K, reserved 1048576K
Event: 24.504 GC heap after
Heap after GC invocations=11 (full 2):
 PSYoungGen      total 162304K, used 12781K [0x00000000e0000000, 0x00000000ec980000, 0x0000000100000000)
  eden space 149504K, 0% used [0x00000000e0000000,0x00000000e0000000,0x00000000e9200000)
  from space 12800K, 99% used [0x00000000e9200000,0x00000000e9e7b4f0,0x00000000e9e80000)
  to   space 16896K, 0% used [0x00000000eb900000,0x00000000eb900000,0x00000000ec980000)
 ParOldGen       total 98816K, used 22940K [0x00000000a0000000, 0x00000000a6080000, 0x00000000e0000000)
  object space 98816K, 23% used [0x00000000a0000000,0x00000000a16672f0,0x00000000a6080000)
 Metaspace       used 52134K, capacity 53980K, committed 54104K, reserved 1095680K
  class space    used 7055K, capacity 7529K, committed 7552K, reserved 1048576K
}
Event: 31.190 GC heap before
{Heap before GC invocations=12 (full 2):
 PSYoungGen      total 162304K, used 162285K [0x00000000e0000000, 0x00000000ec980000, 0x0000000100000000)
  eden space 149504K, 100% used [0x00000000e0000000,0x00000000e9200000,0x00000000e9200000)
  from space 12800K, 99% used [0x00000000e9200000,0x00000000e9e7b4f0,0x00000000e9e80000)
  to   space 16896K, 0% used [0x00000000eb900000,0x00000000eb900000,0x00000000ec980000)
 ParOldGen       total 98816K, used 22940K [0x00000000a0000000, 0x00000000a6080000, 0x00000000e0000000)
  object space 98816K, 23% used [0x00000000a0000000,0x00000000a16672f0,0x00000000a6080000)
 Metaspace       used 56617K, capacity 59000K, committed 59028K, reserved 1099776K
  class space    used 7653K, capacity 8187K, committed 8192K, reserved 1048576K
Event: 31.234 GC heap after
Heap after GC invocations=12 (full 2):
 PSYoungGen      total 183296K, used 16864K [0x00000000e0000000, 0x00000000ede80000, 0x0000000100000000)
  eden space 166400K, 0% used [0x00000000e0000000,0x00000000e0000000,0x00000000ea280000)
  from space 16896K, 99% used [0x00000000eb900000,0x00000000ec978280,0x00000000ec980000)
  to   space 23040K, 0% used [0x00000000ea280000,0x00000000ea280000,0x00000000eb900000)
 ParOldGen       total 98816K, used 34196K [0x00000000a0000000, 0x00000000a6080000, 0x00000000e0000000)
  object space 98816K, 34% used [0x00000000a0000000,0x00000000a2165138,0x00000000a6080000)
 Metaspace       used 56617K, capacity 59000K, committed 59028K, reserved 1099776K
  class space    used 7653K, capacity 8187K, committed 8192K, reserved 1048576K
}
Event: 31.362 GC heap before
{Heap before GC invocations=13 (full 2):
 PSYoungGen      total 183296K, used 24603K [0x00000000e0000000, 0x00000000ede80000, 0x0000000100000000)
  eden space 166400K, 4% used [0x00000000e0000000,0x00000000e078ec08,0x00000000ea280000)
  from space 16896K, 99% used [0x00000000eb900000,0x00000000ec978280,0x00000000ec980000)
  to   space 23040K, 0% used [0x00000000ea280000,0x00000000ea280000,0x00000000eb900000)
 ParOldGen       total 98816K, used 34196K [0x00000000a0000000, 0x00000000a6080000, 0x00000000e0000000)
  object space 98816K, 34% used [0x00000000a0000000,0x00000000a2165138,0x00000000a6080000)
 Metaspace       used 56675K, capacity 59000K, committed 59028K, reserved 1099776K
  class space    used 7653K, capacity 8187K, committed 8192K, reserved 1048576K
Event: 31.392 GC heap after
Heap after GC invocations=13 (full 2):
 PSYoungGen      total 189440K, used 18553K [0x00000000e0000000, 0x00000000f1f00000, 0x0000000100000000)
  eden space 166400K, 0% used [0x00000000e0000000,0x00000000e0000000,0x00000000ea280000)
  from space 23040K, 80% used [0x00000000ea280000,0x00000000eb49e5a8,0x00000000eb900000)
  to   space 24576K, 0% used [0x00000000f0700000,0x00000000f0700000,0x00000000f1f00000)
 ParOldGen       total 98816K, used 34204K [0x00000000a0000000, 0x00000000a6080000, 0x00000000e0000000)
  object space 98816K, 34% used [0x00000000a0000000,0x00000000a2167138,0x00000000a6080000)
 Metaspace       used 56675K, capacity 59000K, committed 59028K, reserved 1099776K
  class space    used 7653K, capacity 8187K, committed 8192K, reserved 1048576K
}
Event: 31.392 GC heap before
{Heap before GC invocations=14 (full 3):
 PSYoungGen      total 189440K, used 18553K [0x00000000e0000000, 0x00000000f1f00000, 0x0000000100000000)
  eden space 166400K, 0% used [0x00000000e0000000,0x00000000e0000000,0x00000000ea280000)
  from space 23040K, 80% used [0x00000000ea280000,0x00000000eb49e5a8,0x00000000eb900000)
  to   space 24576K, 0% used [0x00000000f0700000,0x00000000f0700000,0x00000000f1f00000)
 ParOldGen       total 98816K, used 34204K [0x00000000a0000000, 0x00000000a6080000, 0x00000000e0000000)
  object space 98816K, 34% used [0x00000000a0000000,0x00000000a2167138,0x00000000a6080000)
 Metaspace       used 56675K, capacity 59000K, committed 59028K, reserved 1099776K
  class space    used 7653K, capacity 8187K, committed 8192K, reserved 1048576K
Event: 31.777 GC heap after
Heap after GC invocations=14 (full 3):
 PSYoungGen      total 189440K, used 0K [0x00000000e0000000, 0x00000000f1f00000, 0x0000000100000000)
  eden space 166400K, 0% used [0x00000000e0000000,0x00000000e0000000,0x00000000ea280000)
  from space 23040K, 0% used [0x00000000ea280000,0x00000000ea280000,0x00000000eb900000)
  to   space 24576K, 0% used [0x00000000f0700000,0x00000000f0700000,0x00000000f1f00000)
 ParOldGen       total 98816K, used 41422K [0x00000000a0000000, 0x00000000a6080000, 0x00000000e0000000)
  object space 98816K, 41% used [0x00000000a0000000,0x00000000a2873ad0,0x00000000a6080000)
 Metaspace       used 56669K, capacity 58986K, committed 59028K, reserved 1099776K
  class space    used 7652K, capacity 8184K, committed 8192K, reserved 1048576K
}

Deoptimization events (10 events):
Event: 32.389 Thread 0x000000001c422800 Uncommon trap: reason=unstable_if action=reinterpret pc=0x0000000002a792a8 method=com.google.common.collect.MapMakerInternalMap$Segment.drainKeyReferenceQueue()V @ 11
Event: 33.357 Thread 0x000000001c42b800 Uncommon trap: reason=unstable_if action=reinterpret pc=0x0000000002cd3de0 method=java.util.concurrent.ConcurrentHashMap.putVal(Ljava/lang/Object;Ljava/lang/Object;Z)Ljava/lang/Object; @ 98
Event: 33.358 Thread 0x000000001c422000 Uncommon trap: reason=unstable_if action=reinterpret pc=0x0000000003117d38 method=sun.nio.fs.WindowsPathParser.isSlash(C)Z @ 9
Event: 33.359 Thread 0x000000001c422000 Uncommon trap: reason=unstable_if action=reinterpret pc=0x000000000384f080 method=sun.nio.fs.WindowsPathParser.isSlash(C)Z @ 9
Event: 33.359 Thread 0x000000001c422000 Uncommon trap: reason=unstable_if action=reinterpret pc=0x0000000002902f38 method=sun.nio.fs.WindowsPathParser.isSlash(C)Z @ 9
Event: 33.359 Thread 0x000000001c422000 Uncommon trap: reason=unstable_if action=reinterpret pc=0x0000000003eeb210 method=java.nio.file.FileTreeWalker.getAttributes(Ljava/nio/file/Path;Z)Ljava/nio/file/attribute/BasicFileAttributes; @ 35
Event: 33.393 Thread 0x000000001c422000 Uncommon trap: reason=unstable_if action=reinterpret pc=0x000000000349f16c method=sun.nio.fs.WindowsNativeDispatcher.asNativeBuffer(Ljava/lang/String;)Lsun/nio/fs/NativeBuffer; @ 33
Event: 33.393 Thread 0x000000001c42b000 Uncommon trap: reason=unstable_if action=reinterpret pc=0x000000000349f16c method=sun.nio.fs.WindowsNativeDispatcher.asNativeBuffer(Ljava/lang/String;)Lsun/nio/fs/NativeBuffer; @ 33
Event: 33.490 Thread 0x000000001c42b000 Uncommon trap: reason=unstable_if action=reinterpret pc=0x0000000002cdd85c method=java.util.concurrent.ConcurrentHashMap.addCount(JI)V @ 34
Event: 33.788 Thread 0x000000001c42b000 Uncommon trap: reason=unstable_if action=reinterpret pc=0x000000000400eb30 method=java.util.BitSet.ensureCapacity(I)V @ 6

Classes redefined (0 events):
No events

Internal exceptions (10 events):
Event: 26.056 Thread 0x0000000018a85800 Exception <a 'java/lang/NoSuchMethodError': <clinit>> (0x00000000e2aa7938) thrown at [D:\src\AOSP-openjdk-cygwin\jdk8u\hotspot\src\share\vm\prims\jni.cpp, line 1613]
Event: 26.057 Thread 0x0000000018a85800 Exception <a 'java/lang/NoSuchMethodError': <clinit>> (0x00000000e2aa97a0) thrown at [D:\src\AOSP-openjdk-cygwin\jdk8u\hotspot\src\share\vm\prims\jni.cpp, line 1613]
Event: 28.512 Thread 0x000000001c422800 Exception <a 'java/lang/NoSuchMethodError': <clinit>> (0x00000000e6204308) thrown at [D:\src\AOSP-openjdk-cygwin\jdk8u\hotspot\src\share\vm\prims\jni.cpp, line 1613]
Event: 28.512 Thread 0x000000001c422800 Exception <a 'java/lang/NoSuchMethodError': <clinit>> (0x00000000e620d8f8) thrown at [D:\src\AOSP-openjdk-cygwin\jdk8u\hotspot\src\share\vm\prims\jni.cpp, line 1613]
Event: 29.271 Thread 0x000000001c422800 Exception <a 'java/lang/NoSuchMethodError': <clinit>> (0x00000000e76bdff0) thrown at [D:\src\AOSP-openjdk-cygwin\jdk8u\hotspot\src\share\vm\prims\jni.cpp, line 1613]
Event: 33.351 Thread 0x000000001c42b800 Exception <a 'java/lang/NoSuchMethodError': java.lang.Object.lambda$and$0(Ljava/util/function/Predicate;Ljava/lang/Object;)Z> (0x00000000e1fb8df0) thrown at [D:\src\AOSP-openjdk-cygwin\jdk8u\hotspot\src\share\vm\interpreter\linkResolver.cpp, line 584]
Event: 33.351 Thread 0x000000001c42b000 Exception <a 'java/lang/NoSuchMethodError': java.lang.Object.lambda$and$0(Ljava/util/function/Predicate;Ljava/lang/Object;)Z> (0x00000000e1f58780) thrown at [D:\src\AOSP-openjdk-cygwin\jdk8u\hotspot\src\share\vm\interpreter\linkResolver.cpp, line 584]
Event: 33.351 Thread 0x000000001c422000 Exception <a 'java/lang/NoSuchMethodError': java.lang.Object.lambda$and$0(Ljava/util/function/Predicate;Ljava/lang/Object;)Z> (0x00000000e202d250) thrown at [D:\src\AOSP-openjdk-cygwin\jdk8u\hotspot\src\share\vm\interpreter\linkResolver.cpp, line 584]
Event: 33.351 Thread 0x000000001c42a000 Exception <a 'java/lang/NoSuchMethodError': java.lang.Object.lambda$and$0(Ljava/util/function/Predicate;Ljava/lang/Object;)Z> (0x00000000e1fe48f8) thrown at [D:\src\AOSP-openjdk-cygwin\jdk8u\hotspot\src\share\vm\interpreter\linkResolver.cpp, line 584]
Event: 33.355 Thread 0x000000001c42b000 Exception <a 'java/lang/NoSuchMethodError': java.lang.Object.lambda$static$0(Ljava/lang/String;)Z> (0x00000000e1f628e8) thrown at [D:\src\AOSP-openjdk-cygwin\jdk8u\hotspot\src\share\vm\interpreter\linkResolver.cpp, line 584]

Events (10 events):
Event: 33.828 loading class com/android/dx/dex/file/TypeIdItem
Event: 33.828 loading class com/android/dx/dex/file/TypeIdItem done
Event: 33.829 loading class com/android/dx/dex/file/ValueEncoder
Event: 33.829 loading class com/android/dx/dex/file/ValueEncoder done
Event: 33.834 loading class com/android/dx/dex/file/StringIdItem
Event: 33.834 loading class com/android/dx/dex/file/StringIdItem done
Event: 33.835 loading class com/android/dx/dex/file/StringDataItem
Event: 33.835 loading class com/android/dx/dex/file/StringDataItem done
Event: 33.836 loading class com/android/dx/ssa/back/FirstFitLocalCombiningAllocator$Multiset
Event: 33.836 loading class com/android/dx/ssa/back/FirstFitLocalCombiningAllocator$Multiset done


Dynamic libraries:
0x00007ff77ae10000 - 0x00007ff77ae41000 	C:\Program Files\Android\Android Studio\jre\bin\java.exe
0x00007fffa0790000 - 0x00007fffa0962000 	C:\WINDOWS\SYSTEM32\ntdll.dll
0x00007fff9dd20000 - 0x00007fff9ddcc000 	C:\WINDOWS\System32\KERNEL32.DLL
0x00007fff89590000 - 0x00007fff895b7000 	C:\Program Files\Cylance\Desktop\CyMemDef64.dll
0x00007fff9da50000 - 0x00007fff9dc6d000 	C:\WINDOWS\System32\KERNELBASE.dll
0x00007fff9ae20000 - 0x00007fff9ae9a000 	C:\WINDOWS\system32\apphelp.dll
0x00007fff7d830000 - 0x00007fff7da30000 	C:\WINDOWS\AppPatch\AppPatch64\EMET64.dll
0x00007fff9dfe0000 - 0x00007fff9e07e000 	C:\WINDOWS\System32\msvcrt.dll
0x00007fff9e660000 - 0x00007fff9e702000 	C:\WINDOWS\System32\ADVAPI32.dll
0x00007fff9e240000 - 0x00007fff9e299000 	C:\WINDOWS\System32\sechost.dll
0x00007fff9e8b0000 - 0x00007fff9e9d1000 	C:\WINDOWS\System32\RPCRT4.dll
0x00007fff9e4f0000 - 0x00007fff9e655000 	C:\WINDOWS\System32\USER32.dll
0x00007fff9d000000 - 0x00007fff9d01e000 	C:\WINDOWS\System32\win32u.dll
0x00007fff9e3b0000 - 0x00007fff9e3e4000 	C:\WINDOWS\System32\GDI32.dll
0x00007fff9d1f0000 - 0x00007fff9d370000 	C:\WINDOWS\System32\gdi32full.dll
0x00007fff8d0e0000 - 0x00007fff8d35a000 	C:\WINDOWS\WinSxS\amd64_microsoft.windows.common-controls_6595b64144ccf1df_6.0.14393.953_none_42151e83c686086b\COMCTL32.dll
0x00007fff9e9e0000 - 0x00007fff9eca8000 	C:\WINDOWS\System32\combase.dll
0x00007fff9cc90000 - 0x00007fff9cd85000 	C:\WINDOWS\System32\ucrtbase.dll
0x00007fff9ce90000 - 0x00007fff9cefa000 	C:\WINDOWS\System32\bcryptPrimitives.dll
0x00007fff9e3f0000 - 0x00007fff9e41e000 	C:\WINDOWS\System32\IMM32.DLL
0x000000005dc60000 - 0x000000005dd32000 	C:\Program Files\Android\Android Studio\jre\jre\bin\msvcr100.dll
0x000000005c730000 - 0x000000005cf6e000 	C:\Program Files\Android\Android Studio\jre\jre\bin\server\jvm.dll
0x00007fff9e4e0000 - 0x00007fff9e4e8000 	C:\WINDOWS\System32\PSAPI.DLL
0x00007fff83c90000 - 0x00007fff83c99000 	C:\WINDOWS\SYSTEM32\WSOCK32.dll
0x00007fff9ecb0000 - 0x00007fff9ed1a000 	C:\WINDOWS\System32\WS2_32.dll
0x00007fff9b110000 - 0x00007fff9b133000 	C:\WINDOWS\SYSTEM32\WINMM.dll
0x00007fff99e30000 - 0x00007fff99e3a000 	C:\WINDOWS\SYSTEM32\VERSION.dll
0x00007fff9b0e0000 - 0x00007fff9b10b000 	C:\WINDOWS\SYSTEM32\WINMMBASE.dll
0x00007fff9cfb0000 - 0x00007fff9cff2000 	C:\WINDOWS\System32\cfgmgr32.dll
0x00007fff9af30000 - 0x00007fff9af3f000 	C:\Program Files\Android\Android Studio\jre\jre\bin\verify.dll
0x00007fff98840000 - 0x00007fff98869000 	C:\Program Files\Android\Android Studio\jre\jre\bin\java.dll
0x00007fff995e0000 - 0x00007fff995f6000 	C:\Program Files\Android\Android Studio\jre\jre\bin\zip.dll
0x00007fff9ed20000 - 0x00007fffa0229000 	C:\WINDOWS\System32\SHELL32.dll
0x00007fff9d370000 - 0x00007fff9da49000 	C:\WINDOWS\System32\windows.storage.dll
0x00007fff9cc00000 - 0x00007fff9cc4c000 	C:\WINDOWS\System32\powrprof.dll
0x00007fffa0730000 - 0x00007fffa0782000 	C:\WINDOWS\System32\shlwapi.dll
0x00007fff9cc70000 - 0x00007fff9cc7f000 	C:\WINDOWS\System32\kernel.appcore.dll
0x00007fff9dc70000 - 0x00007fff9dd19000 	C:\WINDOWS\System32\shcore.dll
0x00007fff9cc50000 - 0x00007fff9cc64000 	C:\WINDOWS\System32\profapi.dll
0x00007fff92a70000 - 0x00007fff92a8a000 	C:\Program Files\Android\Android Studio\jre\jre\bin\net.dll
0x00007fff9c4d0000 - 0x00007fff9c52c000 	C:\WINDOWS\system32\mswsock.dll
0x00007fff90180000 - 0x00007fff90191000 	C:\Program Files\Android\Android Studio\jre\jre\bin\nio.dll
0x00007fff86b30000 - 0x00007fff86b4e000 	C:\Users\tshivang\.gradle\native\25\windows-amd64\native-platform.dll
0x00007fff99d80000 - 0x00007fff99d8d000 	C:\Program Files\Android\Android Studio\jre\jre\bin\management.dll
0x00007fff9c670000 - 0x00007fff9c687000 	C:\WINDOWS\SYSTEM32\CRYPTSP.dll
0x00007fff9c0e0000 - 0x00007fff9c113000 	C:\WINDOWS\system32\rsaenh.dll
0x00007fff9cb40000 - 0x00007fff9cb6b000 	C:\WINDOWS\SYSTEM32\bcrypt.dll
0x00007fff9c350000 - 0x00007fff9c36f000 	C:\WINDOWS\SYSTEM32\USERENV.dll
0x00007fff9c690000 - 0x00007fff9c69b000 	C:\WINDOWS\SYSTEM32\CRYPTBASE.dll
0x00007fff9c250000 - 0x00007fff9c288000 	C:\WINDOWS\SYSTEM32\IPHLPAPI.DLL
0x00007fff9e3a0000 - 0x00007fff9e3a8000 	C:\WINDOWS\System32\NSI.dll
0x00007fff99ed0000 - 0x00007fff99ee6000 	C:\WINDOWS\SYSTEM32\dhcpcsvc6.DLL
0x00007fff99eb0000 - 0x00007fff99eca000 	C:\WINDOWS\SYSTEM32\dhcpcsvc.DLL

VM Arguments:
jvm_args: -Xmx1536m -Dfile.encoding=windows-1252 -Duser.country=IN -Duser.language=en -Duser.variant 
java_command: org.gradle.launcher.daemon.bootstrap.GradleDaemon 4.1
java_class_path (initial): C:\Users\tshivang\.gradle\wrapper\dists\gradle-4.1-all\bzyivzo6n839fup2jbap0tjew\gradle-4.1\lib\gradle-launcher-4.1.jar
Launcher Type: SUN_STANDARD

Environment Variables:
JAVA_HOME=C:\Program Files (x86)\Java\jdk1.8.0_121
PATH=C:\ProgramData\Oracle\Java\javapath;C:\WINDOWS\system32;C:\WINDOWS;C:\WINDOWS\System32\Wbem;C:\WINDOWS\System32\WindowsPowerShell\v1.0\;C:\Program Files\PuTTY\;C:\Program Files\itacsvc;C:\Users\tshivang\Downloads\apache-maven-3.5.2-bin\apache-maven-3.5.2\bin;C:\Program Files\Git\cmd;C:\Program Files (x86)\Quarantine\;C:\Users\tshivang\AppData\Local\Microsoft\WindowsApps;C:\Users\tshivang\AppData\Local\GitHubDesktop\bin
USERNAME=tshivang
OS=Windows_NT
PROCESSOR_IDENTIFIER=Intel64 Family 6 Model 78 Stepping 3, GenuineIntel



---------------  S Y S T E M  ---------------

OS: Windows 10.0 , 64 bit Build 14393 (10.0.14393.1198)

CPU:total 4 (initial active 4) (2 cores per cpu, 2 threads per core) family 6 model 78 stepping 3, cmov, cx8, fxsr, mmx, sse, sse2, sse3, ssse3, sse4.1, sse4.2, popcnt, avx, avx2, aes, clmul, erms, rtm, 3dnowpref, lzcnt, ht, tsc, tscinvbit, bmi1, bmi2, adx

Memory: 4k page, physical 8266316k(1010700k free), swap 10906256k(48k free)

vm_info: OpenJDK 64-Bit Server VM (25.152-b01) for windows-amd64 JRE (1.8.0_152-release-915-b01), built by "builder" with MS VC++ 10.0 (VS2010)

time: Wed Mar 28 17:48:42 2018
elapsed time: 33 seconds (0d 0h 0m 33s)

